Configuring parse-dimacs-1.3...
Building parse-dimacs-1.3...
Preprocessing library parse-dimacs-1.3...
[1 of 1] Compiling Language.CNF.Parse.ParseDIMACS ( Language/CNF/Parse/ParseDIMACS.hs, dist/dist-sandbox-efe89a56/build/Language/CNF/Parse/ParseDIMACS.o )
[1 of 1] Compiling Language.CNF.Parse.ParseDIMACS ( Language/CNF/Parse/ParseDIMACS.hs, dist/dist-sandbox-efe89a56/build/Language/CNF/Parse/ParseDIMACS.p_o )
In-place registering parse-dimacs-1.3...
Running Haddock for parse-dimacs-1.3...
Preprocessing library parse-dimacs-1.3...
Warning: The documentation for the following packages are not installed. No
links will be generated to these packages: parsec-3.1.9
Haddock coverage:
  60% (  3 /  5) in 'Language.CNF.Parse.ParseDIMACS'
Warning: Language.CNF.Parse.ParseDIMACS: could not find link destinations for:
    Text.Parsec.Pos.SourceName Text.Parsec.Error.ParseError
Documentation created:
dist/dist-sandbox-efe89a56/doc/html/parse-dimacs/index.html
Creating package registration file:
/var/folders/v1/2h87j_m52bn3s797q45fy8540000gn/T/pkgConf-parse-dimacs-118645465171351934195.3
Installing library in
/Users/rbonifacio/Documents/workspace/funsat/.cabal-sandbox/lib/x86_64-osx-ghc-7.8.3/parse-dimacs-1.3
Registering parse-dimacs-1.3...
