Configuring primitive-0.6...
Building primitive-0.6...
Preprocessing library primitive-0.6...
[ 1 of 10] Compiling Data.Primitive.Internal.Compat ( Data/Primitive/Internal/Compat.hs, dist/dist-sandbox-efe89a56/build/Data/Primitive/Internal/Compat.o )
[ 2 of 10] Compiling Data.Primitive.MachDeps ( Data/Primitive/MachDeps.hs, dist/dist-sandbox-efe89a56/build/Data/Primitive/MachDeps.o )
[ 3 of 10] Compiling Data.Primitive.Internal.Operations ( Data/Primitive/Internal/Operations.hs, dist/dist-sandbox-efe89a56/build/Data/Primitive/Internal/Operations.o )
[ 4 of 10] Compiling Control.Monad.Primitive ( Control/Monad/Primitive.hs, dist/dist-sandbox-efe89a56/build/Control/Monad/Primitive.o )
[ 5 of 10] Compiling Data.Primitive.Types ( Data/Primitive/Types.hs, dist/dist-sandbox-efe89a56/build/Data/Primitive/Types.o )
[ 6 of 10] Compiling Data.Primitive.Array ( Data/Primitive/Array.hs, dist/dist-sandbox-efe89a56/build/Data/Primitive/Array.o )
[ 7 of 10] Compiling Data.Primitive.ByteArray ( Data/Primitive/ByteArray.hs, dist/dist-sandbox-efe89a56/build/Data/Primitive/ByteArray.o )
[ 8 of 10] Compiling Data.Primitive.Addr ( Data/Primitive/Addr.hs, dist/dist-sandbox-efe89a56/build/Data/Primitive/Addr.o )
[ 9 of 10] Compiling Data.Primitive   ( Data/Primitive.hs, dist/dist-sandbox-efe89a56/build/Data/Primitive.o )
[10 of 10] Compiling Data.Primitive.MutVar ( Data/Primitive/MutVar.hs, dist/dist-sandbox-efe89a56/build/Data/Primitive/MutVar.o )
[ 1 of 10] Compiling Data.Primitive.Internal.Compat ( Data/Primitive/Internal/Compat.hs, dist/dist-sandbox-efe89a56/build/Data/Primitive/Internal/Compat.p_o )
[ 2 of 10] Compiling Data.Primitive.MachDeps ( Data/Primitive/MachDeps.hs, dist/dist-sandbox-efe89a56/build/Data/Primitive/MachDeps.p_o )
[ 3 of 10] Compiling Data.Primitive.Internal.Operations ( Data/Primitive/Internal/Operations.hs, dist/dist-sandbox-efe89a56/build/Data/Primitive/Internal/Operations.p_o )
[ 4 of 10] Compiling Control.Monad.Primitive ( Control/Monad/Primitive.hs, dist/dist-sandbox-efe89a56/build/Control/Monad/Primitive.p_o )
[ 5 of 10] Compiling Data.Primitive.Types ( Data/Primitive/Types.hs, dist/dist-sandbox-efe89a56/build/Data/Primitive/Types.p_o )
[ 6 of 10] Compiling Data.Primitive.Array ( Data/Primitive/Array.hs, dist/dist-sandbox-efe89a56/build/Data/Primitive/Array.p_o )
[ 7 of 10] Compiling Data.Primitive.ByteArray ( Data/Primitive/ByteArray.hs, dist/dist-sandbox-efe89a56/build/Data/Primitive/ByteArray.p_o )
[ 8 of 10] Compiling Data.Primitive.Addr ( Data/Primitive/Addr.hs, dist/dist-sandbox-efe89a56/build/Data/Primitive/Addr.p_o )
[ 9 of 10] Compiling Data.Primitive   ( Data/Primitive.hs, dist/dist-sandbox-efe89a56/build/Data/Primitive.p_o )
[10 of 10] Compiling Data.Primitive.MutVar ( Data/Primitive/MutVar.hs, dist/dist-sandbox-efe89a56/build/Data/Primitive/MutVar.p_o )
In-place registering primitive-0.6...
Running Haddock for primitive-0.6...
Preprocessing library primitive-0.6...

<no location info>:
    module ‘primitive-0.6:Main’ is defined in multiple files: dist/dist-sandbox-efe89a56/build/tmp-14014/Control/Monad/Primitive.hs
                                                              dist/dist-sandbox-efe89a56/build/tmp-14014/Data/Primitive/MachDeps.hs
                                                              dist/dist-sandbox-efe89a56/build/tmp-14014/Data/Primitive/Types.hs
                                                              dist/dist-sandbox-efe89a56/build/tmp-14014/Data/Primitive/Array.hs
                                                              dist/dist-sandbox-efe89a56/build/tmp-14014/Data/Primitive/ByteArray.hs
                                                              dist/dist-sandbox-efe89a56/build/tmp-14014/Data/Primitive/Internal/Compat.hs
Creating package registration file:
/var/folders/v1/2h87j_m52bn3s797q45fy8540000gn/T/pkgConf-primitive-016460350011025921153.6
Installing library in
/Users/rbonifacio/Documents/workspace/funsat/.cabal-sandbox/lib/x86_64-osx-ghc-7.8.3/primitive-0.6
Registering primitive-0.6...
