Configuring tf-random-0.5...
Building tf-random-0.5...
Preprocessing library tf-random-0.5...
[1 of 4] Compiling System.Random.TF.Gen ( src/System/Random/TF/Gen.hs, dist/dist-sandbox-efe89a56/build/System/Random/TF/Gen.o )
[2 of 4] Compiling System.Random.TF.Init ( src/System/Random/TF/Init.hs, dist/dist-sandbox-efe89a56/build/System/Random/TF/Init.o )

src/System/Random/TF/Init.hs:94:5: Warning:
    In the use of ‘bitSize’ (imported from Data.Bits):
    Deprecated: "Use 'bitSizeMaybe' or 'finiteBitSize' instead"
[3 of 4] Compiling System.Random.TF.Instances ( src/System/Random/TF/Instances.hs, dist/dist-sandbox-efe89a56/build/System/Random/TF/Instances.o )
[4 of 4] Compiling System.Random.TF ( src/System/Random/TF.hs, dist/dist-sandbox-efe89a56/build/System/Random/TF.o )
[1 of 4] Compiling System.Random.TF.Gen ( src/System/Random/TF/Gen.hs, dist/dist-sandbox-efe89a56/build/System/Random/TF/Gen.p_o )
[2 of 4] Compiling System.Random.TF.Init ( src/System/Random/TF/Init.hs, dist/dist-sandbox-efe89a56/build/System/Random/TF/Init.p_o )

src/System/Random/TF/Init.hs:94:5: Warning:
    In the use of ‘bitSize’ (imported from Data.Bits):
    Deprecated: "Use 'bitSizeMaybe' or 'finiteBitSize' instead"
[3 of 4] Compiling System.Random.TF.Instances ( src/System/Random/TF/Instances.hs, dist/dist-sandbox-efe89a56/build/System/Random/TF/Instances.p_o )
[4 of 4] Compiling System.Random.TF ( src/System/Random/TF.hs, dist/dist-sandbox-efe89a56/build/System/Random/TF.p_o )
In-place registering tf-random-0.5...
Running Haddock for tf-random-0.5...
Preprocessing library tf-random-0.5...
Warning: The documentation for the following packages are not installed. No
links will be generated to these packages: primitive-0.6, random-1.1

dist/dist-sandbox-efe89a56/build/tmp-14413/src/System/Random/TF/Init.hs:94:5: Warning:
    In the use of ‘bitSize’ (imported from Data.Bits):
    Deprecated: "Use 'bitSizeMaybe' or 'finiteBitSize' instead"
Haddock coverage:
 100% (  4 /  4) in 'System.Random.TF.Gen'
  83% (  5 /  6) in 'System.Random.TF.Init'
  33% (  1 /  3) in 'System.Random.TF.Instances'
 100% (  3 /  3) in 'System.Random.TF'
Warning: System.Random.TF.Gen: could not find link destinations for:
    System.Random.RandomGen
Documentation created:
dist/dist-sandbox-efe89a56/doc/html/tf-random/index.html
Creating package registration file:
/var/folders/v1/2h87j_m52bn3s797q45fy8540000gn/T/pkgConf-tf-random-01108728549685118024.5
Installing library in
/Users/rbonifacio/Documents/workspace/funsat/.cabal-sandbox/lib/x86_64-osx-ghc-7.8.3/tf-random-0.5
Registering tf-random-0.5...
